-------------------------------------------------------------------------------
Test set: com.project.tests.Test1
-------------------------------------------------------------------------------
Tests run: 1, Failures: 1, Errors: 0, Skipped: 0, Time elapsed: 8.447 s <<< FAILURE! - in com.project.tests.Test1
method1(com.project.tests.Test1)  Time elapsed: 7.045 s  <<< FAILURE!
java.lang.AssertionError: null
	at com.project.tests.Test1.method1(Test1.java:23)

