<?xml version="1.0" encoding="UTF-8"?>
<testng-results skipped="0" failed="0" ignored="0" total="2" passed="2">
  <reporter-output>
    <line>
      <![CDATA[hello world]]>
    </line>
    <line>
      <![CDATA[hello world]]>
    </line>
  </reporter-output>
  <suite name="Surefire suite" duration-ms="55846" started-at="2020-01-20T16:01:10 IST" finished-at="2020-01-20T16:02:05 IST">
    <groups>
    </groups>
    <test name="Surefire test" duration-ms="55846" started-at="2020-01-20T16:01:10 IST" finished-at="2020-01-20T16:02:05 IST">
      <class name="com.project.tests.Test1">
        <test-method status="PASS" signature="method1()[pri:0, instance:com.project.tests.Test1@4f7d0008]" name="method1" duration-ms="41254" started-at="2020-01-20T16:01:10 IST" finished-at="2020-01-20T16:01:51 IST">
          <reporter-output>
            <line>
              <![CDATA[hello world]]>
            </line>
          </reporter-output>
        </test-method> <!-- method1 -->
      </class> <!-- com.project.tests.Test1 -->
      <class name="com.project.tests.Test2">
        <test-method status="PASS" signature="method1()[pri:0, instance:com.project.tests.Test2@271053e1]" name="method1" duration-ms="14513" started-at="2020-01-20T16:01:51 IST" finished-at="2020-01-20T16:02:05 IST">
          <reporter-output>
            <line>
              <![CDATA[hello world]]>
            </line>
          </reporter-output>
        </test-method> <!-- method1 -->
      </class> <!-- com.project.tests.Test2 -->
    </test> <!-- Surefire test -->
  </suite> <!-- Surefire suite -->
</testng-results>
